<?xml version="1.0" encoding="UTF-8"?>
<!-- Generated by org.testng.reporters.JUnitReportReporter -->
<testsuite name="wiley.automation.wol.test.Duplicate_Email_Integration_LibAdmin" tests="1" time="45.266" ignored="0" failures="0" timestamp="06 Mar 2018 12:24:39 GMT" skipped="0" hostname="ZAUSVDIANCHAKRA" errors="0">
  <testcase name="suvlibadmin5" time="45.266" classname="wiley.automation.wol.test.Duplicate_Email_Integration_LibAdmin"/>
</testsuite> <!-- wiley.automation.wol.test.Duplicate_Email_Integration_LibAdmin -->
