<?xml version="1.0" encoding="UTF-8"?>
<!-- Generated by org.testng.reporters.JUnitReportReporter -->
<testsuite name="wiley.automation.wol.test.Content_OBook_Literatum2" tests="1" time="143.509" ignored="0" failures="0" timestamp="08 Feb 2018 10:24:11 GMT" skipped="0" hostname="ZAUSVDIJASAHU" errors="0">
  <testcase name="Journaltolit1223" time="143.509" classname="wiley.automation.wol.test.Content_OBook_Literatum2"/>
</testsuite> <!-- wiley.automation.wol.test.Content_OBook_Literatum2 -->
