<?xml version="1.0" encoding="UTF-8"?>
<!-- Generated by org.testng.reporters.JUnitReportReporter -->
<testsuite skipped="0" hostname="ZAUSVDIAPSINHA" name="wiley.automation.wol.test.literatum_Book_Chapter" tests="1" failures="0" timestamp="28 Nov 2017 13:54:07 GMT" time="34.978" errors="0">
  <testcase name="literatum" time="34.978" classname="wiley.automation.wol.test.literatum_Book_Chapter"/>
</testsuite> <!-- wiley.automation.wol.test.literatum_Book_Chapter -->
