<?xml version="1.0" encoding="UTF-8"?>
<!-- Generated by org.testng.reporters.JUnitReportReporter -->
<testsuite hostname="01hw530732" name="Test" tests="1" failures="0" timestamp="9 Mar 2016 10:01:27 GMT" time="0.014" errors="0">
  <testcase name="test" time="0.014" classname="Test"/>
</testsuite> <!-- Test -->
