<?xml version="1.0" encoding="UTF-8"?>
<!-- Generated by org.testng.reporters.JUnitReportReporter -->
<testsuite name="wiley.automation.wol.test.Integration_Mobile_Check" tests="1" time="315.055" ignored="0" failures="0" timestamp="16 Jan 2019 09:55:36 GMT" skipped="0" hostname="ZAUSVDIAPSINHA" errors="0">
  <testcase name="articleselect1" time="315.055" classname="wiley.automation.wol.test.Integration_Mobile_Check"/>
</testsuite> <!-- wiley.automation.wol.test.Integration_Mobile_Check -->
