<?xml version="1.0" encoding="UTF-8"?>
<!-- Generated by org.testng.reporters.JUnitReportReporter -->
<testsuite skipped="0" hostname="ZAUSVDIAPSINHA" name="wiley.automation.wol.test.literatum_Search_Book_Page" tests="1" failures="0" timestamp="28 Nov 2017 12:26:57 GMT" time="47.970" errors="0">
  <testcase name="literatum" time="47.970" classname="wiley.automation.wol.test.literatum_Search_Book_Page"/>
</testsuite> <!-- wiley.automation.wol.test.literatum_Search_Book_Page -->
