<?xml version="1.0" encoding="UTF-8"?>
<!-- Generated by org.testng.reporters.JUnitReportReporter -->
<testsuite name="wiley.automation.wol.test.Frankenstein_Article" tests="1" time="32.914" ignored="0" failures="0" timestamp="10 Jan 2018 10:44:06 GMT" skipped="0" hostname="ZAUSVDIJASAHU" errors="0">
  <testcase name="literatumSearch" time="32.914" classname="wiley.automation.wol.test.Frankenstein_Article"/>
</testsuite> <!-- wiley.automation.wol.test.Frankenstein_Article -->
