<?xml version="1.0" encoding="UTF-8"?>
<!-- Generated by org.testng.reporters.JUnitReportReporter -->
<testsuite hostname="01hw530732" name="Test1" tests="1" failures="0" timestamp="9 Mar 2016 10:02:41 GMT" time="0.008" errors="0">
  <testcase name="test" time="0.008" classname="Test1"/>
</testsuite> <!-- Test1 -->
