<?xml version="1.0" encoding="UTF-8"?>
<!-- Generated by org.testng.reporters.JUnitReportReporter -->
<testsuite name="wiley.automation.wol.test.Duplicate_Email_Integration" tests="2" time="95.307" ignored="0" failures="0" timestamp="06 Mar 2018 12:24:39 GMT" skipped="0" hostname="ZAUSVDIANCHAKRA" errors="0">
  <testcase name="dupemail2" time="41.814" classname="wiley.automation.wol.test.Duplicate_Email_Integration"/>
  <testcase name="dupemail1" time="53.493" classname="wiley.automation.wol.test.Duplicate_Email_Integration"/>
</testsuite> <!-- wiley.automation.wol.test.Duplicate_Email_Integration -->
