<?xml version="1.0" encoding="UTF-8"?>
<!-- Generated by org.testng.reporters.JUnitReportReporter -->
<testsuite name="wiley.automation.wol.test.literatum_journal_homepage" tests="1" time="116.342" ignored="0" failures="0" timestamp="11 Jan 2018 11:13:38 GMT" skipped="0" hostname="ZAUSVDIJASAHU" errors="0">
  <testcase name="literatum" time="116.342" classname="wiley.automation.wol.test.literatum_journal_homepage"/>
</testsuite> <!-- wiley.automation.wol.test.literatum_journal_homepage -->
