<?xml version="1.0" encoding="UTF-8"?>
<!-- Generated by org.testng.reporters.JUnitReportReporter -->
<testsuite name="wiley.automation.wol.test.Duplicate_Email_Integration_ALM" tests="2" time="64.634" ignored="0" failures="0" timestamp="06 Mar 2018 12:24:39 GMT" skipped="0" hostname="ZAUSVDIANCHAKRA" errors="0">
  <testcase name="suvdupemail1" time="26.565" classname="wiley.automation.wol.test.Duplicate_Email_Integration_ALM"/>
  <testcase name="suvdupemail2" time="38.069" classname="wiley.automation.wol.test.Duplicate_Email_Integration_ALM"/>
</testsuite> <!-- wiley.automation.wol.test.Duplicate_Email_Integration_ALM -->
