<?xml version="1.0" encoding="UTF-8"?>
<!-- Generated by org.testng.reporters.JUnitReportReporter -->
<testsuite hostname="01hw530732" name="wiley.automation.wol.test.OL_34308" tests="1" failures="0" timestamp="29 Jun 2016 13:41:43 GMT" time="78.529" errors="0">
  <testcase name="ol34145" time="78.529" classname="wiley.automation.wol.test.OL_34308"/>
</testsuite> <!-- wiley.automation.wol.test.OL_34308 -->
