<?xml version="1.0" encoding="UTF-8"?>
<!-- Generated by org.testng.reporters.JUnitReportReporter -->
<testsuite hostname="01hw530732" name="wiley.automation.wol.test.ALMOutbound_TitleLoader" tests="2" failures="0" timestamp="8 Jul 2016 07:16:41 GMT" time="245.304" errors="0">
  <testcase name="almDeleteTitle" time="88.805" classname="wiley.automation.wol.test.ALMOutbound_TitleLoader"/>
  <testcase name="almAddTitle" time="156.499" classname="wiley.automation.wol.test.ALMOutbound_TitleLoader"/>
</testsuite> <!-- wiley.automation.wol.test.ALMOutbound_TitleLoader -->
