<?xml version="1.0" encoding="UTF-8"?>
<!-- Generated by org.testng.reporters.JUnitReportReporter -->
<testsuite name="wiley.automation.wol.test.literatum_article_page" tests="1" time="104.990" ignored="0" failures="0" timestamp="03 Jan 2018 07:50:20 GMT" skipped="0" hostname="ZAUSVDIAPSINHA" errors="0">
  <testcase name="literatum" time="104.990" classname="wiley.automation.wol.test.literatum_article_page"/>
</testsuite> <!-- wiley.automation.wol.test.literatum_article_page -->
