<?xml version="1.0" encoding="UTF-8"?>
<!-- Generated by org.testng.reporters.JUnitReportReporter -->
<testsuite name="wiley.automation.wol.test.Integration_ALM_Literatum" tests="1" time="373.389" ignored="0" failures="0" timestamp="19 Mar 2019 08:08:40 GMT" skipped="0" hostname="ZAUSV-APSINHA" errors="0">
  <testcase name="almtolit32" time="373.389" classname="wiley.automation.wol.test.Integration_ALM_Literatum"/>
</testsuite> <!-- wiley.automation.wol.test.Integration_ALM_Literatum -->
