<?xml version="1.0" encoding="UTF-8"?>
<!-- Generated by org.testng.reporters.JUnitReportReporter -->
<testsuite hostname="01hw530732" name="wiley.automation.wol.test.OL_34192" tests="1" failures="0" timestamp="14 Jun 2016 09:41:04 GMT" time="701.753" errors="0">
  <testcase name="ol34145" time="701.753" classname="wiley.automation.wol.test.OL_34192"/>
</testsuite> <!-- wiley.automation.wol.test.OL_34192 -->
