<?xml version="1.0" encoding="UTF-8"?>
<!-- Generated by org.testng.reporters.JUnitReportReporter -->
<testsuite skipped="0" hostname="ZAUSVDIAPSINHA" name="wiley.automation.wol.test.literatum_journal_loi_page" tests="2" failures="0" timestamp="28 Nov 2017 12:26:57 GMT" time="108.642" errors="0">
  <testcase name="literatum22" time="56.600" classname="wiley.automation.wol.test.literatum_journal_loi_page"/>
  <testcase name="literatum" time="52.042" classname="wiley.automation.wol.test.literatum_journal_loi_page"/>
</testsuite> <!-- wiley.automation.wol.test.literatum_journal_loi_page -->
