<?xml version="1.0" encoding="UTF-8"?>
<!-- Generated by org.testng.reporters.JUnitReportReporter -->
<testsuite hostname="01hw530732" name="wiley.automation.wol.test.ALMOutbound_User" tests="2" failures="0" timestamp="8 Jul 2016 07:46:26 GMT" time="222.459" errors="0">
  <testcase name="almcreateuser" time="122.280" classname="wiley.automation.wol.test.ALMOutbound_User"/>
  <testcase name="almmodifyUser" time="100.179" classname="wiley.automation.wol.test.ALMOutbound_User"/>
</testsuite> <!-- wiley.automation.wol.test.ALMOutbound_User -->
