<?xml version="1.0" encoding="UTF-8"?>
<!-- Generated by org.testng.reporters.JUnitReportReporter -->
<testsuite hostname="01hw530732" name="wiley.automation.wol.test.OL_34145" tests="1" failures="0" timestamp="2 Jun 2016 12:15:04 GMT" time="490.530" errors="0">
  <testcase name="ol34145" time="490.530" classname="wiley.automation.wol.test.OL_34145"/>
</testsuite> <!-- wiley.automation.wol.test.OL_34145 -->
