<?xml version="1.0" encoding="UTF-8"?>
<!-- Generated by org.testng.reporters.JUnitReportReporter -->
<testsuite name="wiley.automation.wol.test.welstorefront" tests="1" time="222.137" ignored="0" failures="0" timestamp="03 Jun 2019 08:20:18 GMT" skipped="0" hostname="ZAUSV-APSINHA" errors="0">
  <testcase name="welstore5" time="222.137" classname="wiley.automation.wol.test.welstorefront"/>
</testsuite> <!-- wiley.automation.wol.test.welstorefront -->
