<?xml version="1.0" encoding="UTF-8"?>
<!-- Generated by org.testng.reporters.JUnitReportReporter -->
<testsuite name="wiley.automation.wol.test.Miscellaneous_Integration" tests="8" time="1385.533" ignored="0" failures="0" timestamp="06 Mar 2018 12:24:39 GMT" skipped="0" hostname="ZAUSVDIANCHAKRA" errors="0">
  <testcase name="suvlibadmin2" time="44.421" classname="wiley.automation.wol.test.Miscellaneous_Integration"/>
  <testcase name="suvlibadmin3" time="63.436" classname="wiley.automation.wol.test.Miscellaneous_Integration"/>
  <testcase name="misc4" time="253.770" classname="wiley.automation.wol.test.Miscellaneous_Integration"/>
  <testcase name="suvlibadmin1" time="28.907" classname="wiley.automation.wol.test.Miscellaneous_Integration"/>
  <testcase name="misc2" time="248.803" classname="wiley.automation.wol.test.Miscellaneous_Integration"/>
  <testcase name="misc3" time="257.331" classname="wiley.automation.wol.test.Miscellaneous_Integration"/>
  <testcase name="misc1" time="253.885" classname="wiley.automation.wol.test.Miscellaneous_Integration"/>
  <testcase name="suvlibadmin4" time="234.980" classname="wiley.automation.wol.test.Miscellaneous_Integration"/>
</testsuite> <!-- wiley.automation.wol.test.Miscellaneous_Integration -->
