<?xml version="1.0" encoding="UTF-8"?>
<!-- Generated by org.testng.reporters.JUnitReportReporter -->
<testsuite name="wiley.automation.wol.test.welstorefront" tests="1" time="41.702" ignored="0" failures="0" timestamp="17 May 2019 09:21:54 GMT" skipped="0" hostname="ZAUSV-APSINHA" errors="0">
  <testcase name="welstore1" time="41.702" classname="wiley.automation.wol.test.welstorefront"/>
</testsuite> <!-- wiley.automation.wol.test.welstorefront -->
